<?xml version="1.0" encoding="UTF-8"?>
<!-- Generated by org.testng.reporters.JUnitReportReporter -->
<testsuite skipped="0" hostname="DESKTOP-PCG3QI7" name="com.mapsynq.TestRunner.Runner" tests="1" failures="0" timestamp="11 Dec 2019 10:01:27 GMT" time="0.132" errors="0">
  <testcase name="feature" time="0.132" classname="com.mapsynq.TestRunner.Runner"/>
</testsuite> <!-- com.mapsynq.TestRunner.Runner -->
